<?xml version="1.0" encoding="UTF-8"?>
<!-- Generated by org.testng.reporters.JUnitReportReporter -->
<testsuite hostname="MAC013" name="Tests.ScreenshotTest" tests="1" failures="0" timestamp="13 Nov 2018 05:39:04 GMT" time="15.780" errors="0">
  <testcase name="testScreenshot" time="15.780" classname="Tests.ScreenshotTest"/>
</testsuite> <!-- Tests.ScreenshotTest -->
